<?xml version="1.0" encoding="UTF-8" standalone="no"?><testsuites><testsuite errors="0" failures="0" hostname="HT226V200274_HTC_HTCEVO3DX515m" name="cz.czechhackathon.test" tests="1" time="1,1790" timestamp="Sat Oct 19 13:37:08 CEST 2013"><properties><property name="java.runtime.name" value="Java(TM) SE Runtime Environment"/><property name="sun.boot.library.path" value="C:\Program Files (x86)\Java\jdk1.7.0_15\jre\bin"/><property name="java.vm.version" value="23.7-b01"/><property name="java.vm.vendor" value="Oracle Corporation"/><property name="java.vendor.url" value="http://java.oracle.com/"/><property name="guice.disable.misplaced.annotation.check" value="true"/><property name="path.separator" value=";"/><property name="idea.launcher.port" value="7533"/><property name="java.vm.name" value="Java HotSpot(TM) Client VM"/><property name="file.encoding.pkg" value="sun.io"/><property name="user.country" value="CZ"/><property name="user.script" value=""/><property name="sun.java.launcher" value="SUN_STANDARD"/><property name="sun.os.patch.level" value=""/><property name="java.vm.specification.name" value="Java Virtual Machine Specification"/><property name="user.dir" value="C:\hackathon2013\QuitSmoking"/><property name="java.runtime.version" value="1.7.0_15-b03"/><property name="java.awt.graphicsenv" value="sun.awt.Win32GraphicsEnvironment"/><property name="java.endorsed.dirs" value="C:\Program Files (x86)\Java\jdk1.7.0_15\jre\lib\endorsed"/><property name="os.arch" value="x86"/><property name="java.io.tmpdir" value="C:\Users\Develop\AppData\Local\Temp\"/><property name="line.separator" value="&#13;&#10;"/><property name="java.vm.specification.vendor" value="Oracle Corporation"/><property name="user.variant" value=""/><property name="os.name" value="Windows 7"/><property name="classworlds.conf" value="C:\Develop\apache-maven-3.0.4\bin\m2.conf"/><property name="sun.jnu.encoding" value="Cp1250"/><property name="java.library.path" value="C:\Program Files (x86)\Java\jdk1.7.0_15\bin;C:\Windows\Sun\Java\bin;C:\Windows\system32;C:\Windows;C:\dev\android-studio\bin\;C:\Program Files\Common Files\Microsoft Shared\Windows Live;C:\Program Files (x86)\Common Files\Microsoft Shared\Windows Live;C:\Windows\system32;C:\Windows;C:\Windows\System32\Wbem;C:\Windows\System32\WindowsPowerShell\v1.0\;C:\Program Files (x86)\Tangent3D\Image Armada\FFMPEG;C:\Program Files (x86)\QuickTime\QTSystem\;C:\Program Files (x86)\MKVToolNix;C:\Develop\apache-maven-3.0.4\bin;C:\Develop\SlikSvn\bin;C:\Develop\jdk1.7.0_09\bin;C:\Program Files (x86)\VideoLAN\VLC\;C:\Program Files (x86)\Windows Live\Shared;C:\Program Files\jEdit;C:\Program Files (x86)\Git\bin;C:\Windows\Microsoft.NET\Framework\v2.0.50727;C:\fun\mingw\bin;C:\Program Files\nodejs\;c:\Program Files\FDS\FDS5\bin;C:\fun\mingw\bin;C:\Users\Develop\AppData\Roaming\npm;."/><property name="java.specification.name" value="Java Platform API Specification"/><property name="java.class.version" value="51.0"/><property name="sun.management.compiler" value="HotSpot Client Compiler"/><property name="os.version" value="6.1"/><property name="user.home" value="C:\Users\Develop"/><property name="user.timezone" value="Europe/Prague"/><property name="java.awt.printerjob" value="sun.awt.windows.WPrinterJob"/><property name="file.encoding" value="UTF-8"/><property name="idea.launcher.bin.path" value="C:\dev\android-studio\bin"/><property name="java.specification.version" value="1.7"/><property name="java.class.path" value="C:\Develop\apache-maven-3.0.4\boot\plexus-classworlds-2.4.jar;C:\dev\android-studio\lib\idea_rt.jar"/><property name="user.name" value="Develop"/><property name="java.vm.specification.version" value="1.7"/><property name="sun.java.command" value="com.intellij.rt.execution.application.AppMain org.codehaus.classworlds.Launcher clean install android:deploy"/><property name="java.home" value="C:\Program Files (x86)\Java\jdk1.7.0_15\jre"/><property name="sun.arch.data.model" value="32"/><property name="user.language" value="cs"/><property name="java.specification.vendor" value="Oracle Corporation"/><property name="awt.toolkit" value="sun.awt.windows.WToolkit"/><property name="java.vm.info" value="mixed mode, sharing"/><property name="java.version" value="1.7.0_15"/><property name="java.ext.dirs" value="C:\Program Files (x86)\Java\jdk1.7.0_15\jre\lib\ext;C:\Windows\Sun\Java\lib\ext"/><property name="sun.boot.class.path" value="C:\Program Files (x86)\Java\jdk1.7.0_15\jre\lib\resources.jar;C:\Program Files (x86)\Java\jdk1.7.0_15\jre\lib\rt.jar;C:\Program Files (x86)\Java\jdk1.7.0_15\jre\lib\sunrsasign.jar;C:\Program Files (x86)\Java\jdk1.7.0_15\jre\lib\jsse.jar;C:\Program Files (x86)\Java\jdk1.7.0_15\jre\lib\jce.jar;C:\Program Files (x86)\Java\jdk1.7.0_15\jre\lib\charsets.jar;C:\Program Files (x86)\Java\jdk1.7.0_15\jre\lib\jfr.jar;C:\Program Files (x86)\Java\jdk1.7.0_15\jre\classes"/><property name="java.vendor" value="Oracle Corporation"/><property name="maven.home" value="C:\Develop\apache-maven-3.0.4"/><property name="file.separator" value="\"/><property name="java.vendor.url.bug" value="http://bugreport.sun.com/bugreport/"/><property name="sun.io.unicode.encoding" value="UnicodeLittle"/><property name="sun.cpu.endian" value="little"/><property name="sun.desktop" value="windows"/><property name="sun.cpu.isalist" value="pentium_pro+mmx pentium_pro pentium+mmx pentium i486 i386 i86"/><property name="service.brcm.bt.srv_active" value="0"/><property name="ro.product.manufacturer" value="HTC"/><property name="gsm.sim.operator.alpha" value="O2-CZ"/><property name="net.gprs.hipri.ru.number" value="0"/><property name="sys.settings_secure_version" value="71"/><property name="gsm.usim.anr.max-no" value="0"/><property name="ro.htc.appupdate.exmsg.url" value="http://apu-msg.htc.com/extra-msg/rws/and-app/msg"/><property name="init.svc.netmgrd" value="running"/><property name="ro.crypto.fs_flags" value="0x00000406"/><property name="ro.phone_storage" value="0"/><property name="persist.sys.profiler_ms" value="0"/><property name="ro.product.display_resolution" value="4.3 inch qHD resolution"/><property name="htc.audio.beats.state" value="0"/><property name="ro.ril.enable.a53.HTC-ITA" value="1"/><property name="ro.product.model" value="HTC EVO 3D X515m"/><property name="gsm.operator.iso-country" value="cz"/><property name="ro.rb_dly" value="unknown"/><property name="service.brcm.bt.activation" value="0"/><property name="ro.ril.hsupa.category" value="6"/><property name="ro.ril.disable.power.collapse" value="1"/><property name="gsm.usim.alpha-tag.length" value="14"/><property name="persist.radio.als" value="0"/><property name="ro.ril.vmail.65502" value="181"/><property name="ro.bootloader" value="1.53.0007"/><property name="init.svc.vold" value="running"/><property name="keyguard.no_require_sim" value="1"/><property name="net.hostname" value="android-f9cf346edfc97ae2"/><property name="ro.build.version.sdk" value="15"/><property name="sys.usb.config" value="mass_storage,adb"/><property name="service.brcm.bt.hcid_active" value="0"/><property name="init.svc.post-boot" value="stopped"/><property name="init.svc.htc_ebdlogd_rel" value="running"/><property name="sys.shutdown.brightness" value="0"/><property name="debug.composition.type" value="c2d"/><property name="ril.pdn.profile" value="internet"/><property name="rild.libpath.ganlite" value="/system/lib/librilswitch.so"/><property name="ro.gsm.imei" value="356871049164951"/><property name="service.brcm.bt.avrcp_toggle" value="1"/><property name="persist.radio.mosms.service" value="3"/><property name="service.brcm.bt.avrcp_pass_thru" value="1"/><property name="ril.ecclist" value="112,911"/><property name="ro.runtime.started" value="1380632696713"/><property name="gsm.adn.records.capacity" value="250"/><property name="net.dns1.239" value=""/><property name="keydispatchtimeout" value="15000"/><property name="ro.aa.romver" value="3.28.401.1"/><property name="sys.settings_system_version" value="199"/><property name="init.svc.shutdown" value="stopped"/><property name="ro.mid" value="PG8630000"/><property name="gsm.operator.isroaming" value="false"/><property name="net.dns2.239" value=""/><property name="gsm.sim.types" value="RIL_2G_SIM_CARD"/><property name="ro.ril.enable.sync.time" value="1"/><property name="ro.phone.min_match.HTC__J15" value="7"/><property name="dhcp.wlan0.dns3" value=""/><property name="net.tcp.buffersize.evdo_b" value="4094,87380,262144,4096,16384,262144"/><property name="dhcp.wlan0.dns2" value=""/><property name="dhcp.wlan0.dns1" value="10.0.0.138"/><property name="ro.ril.vmail.27203" value="171"/><property name="media.hal.route" value="1"/><property name="dhcp.wlan0.dns4" value=""/><property name="ro.allow.mock.location" value="0"/><property name="ro.error.receiver.htc.apps" value="com.htc.feedback"/><property name="ro.htc.framework.screencapture" value="true"/><property name="ril.subsidy.lock" value="0"/><property name="sys.shutdown.resume.count" value="4"/><property name="ril.notify.regstatus" value="1"/><property name="net.tcp.buffersize.wifi" value="524288,1048576,2097152,262144,524288,1048576"/><property name="ro.config.htc.enableCOTA" value="1"/><property name="ril.preferred.language" value="2:20,1,0,3"/><property name="ro.engineerid" value="0"/><property name="gsm.version.baseband" value=" 11.77.3504.00U_11.25.3504.06_M"/><property name="ro.ril.enable.sdr" value="1"/><property name="ro.ril.disable.fd.plmn.prefix" value="23402,23410,23411,23420"/><property name="ro.ril.hsdpa.category" value="10"/><property name="persist.radio.agps.mode" value="2"/><property name="persist.radio.clip" value="1"/><property name="ro.product.brand" value="htc_europe"/><property name="dhcp.wlan0.result" value="failed"/><property name="htc.audio.q6.topology" value="0"/><property name="ro.ril.hsxpa" value="2"/><property name="ro.product.device" value="shooteru"/><property name="ro.ril.vmail.27211" value="171"/><property name="ro.build.changelist" value="385730"/><property name="htc.audio.alt.enable" value="1"/><property name="net.rmnet1.mms_proxy" value="160.218.160.218"/><property name="dev.bootcomplete" value="1"/><property name="ro.htc.appupdate.exmsg.url_CN" value="http://apu-msg.htccomm.com.cn/extra-msg/rws/and-app/msg"/><property name="ro.setupwizard.enterprise_mode" value="1"/><property name="gsm.sim.state" value="READY"/><property name="wlan.sim.enabled" value="1"/><property name="ro.hardware" value="shooteru"/><property name="ro.build.project" value="SHOOTER_U_ICS_35_S:262714"/><property name="net.active_wan" value="0"/><property name="ro.product.bluetooth" value="3.0"/><property name="gsm.sim.change" value="false"/><property name="ro.build.id" value="IML74K"/><property name="ro.htc.appupdate.url_CN" value="http://apu-chin.htccomm.com.cn/check-in/rws/and-app/update"/><property name="ril.modem_link.status" value="0"/><property name="ro.cwkey" value="HTC__001"/><property name="ril.route.waitresponse" value="0"/><property name="sys.psaver.stat" value="normal"/><property name="ro.ril.ecclist" value="112,911"/><property name="ro.bt.stack.version" value="2.0.50.032"/><property name="rild.libpath" value="/system/lib/libhtc_ril.so"/><property name="sys.boot_completed" value="1"/><property name="persist.radio.band.select" value="0"/><property name="ro.product.name" value="htc_shooteru"/><property name="net.change" value="net.active_wan"/><property name="dhcp.wlan0.autoip" value="0"/><property name="debug.enabletr" value="true"/><property name="net.rmnet1.proxy" value=""/><property name="ro.build.tags" value="release-keys"/><property name="ro.ril.ecc.HTC-FRA" value="112"/><property name="sys.psaver.gap" value="20"/><property name="init.svc.htcfs" value="running"/><property name="init.svc.drm" value="running"/><property name="ro.build.version.codename" value="REL"/><property name="net.rmnet1.dns2" value=""/><property name="net.rmnet1.dns1" value=""/><property name="ro.ril.ecc.HTC-GCC" value="999,112,997"/><property name="ro.product.cpu.abi" value="armeabi-v7a"/><property name="dhcp.wlan0.pid" value="28246"/><property name="dev.silent_reboot" value="0"/><property name="ro.sf.lcd_density" value="240"/><property name="ro.build.languageremove" value="0"/><property name="init.svc.bootanim" value="stopped"/><property name="dalvik.vm.heapsize" value="128m"/><property name="sys.shutdown.uptime.delta" value="76960139"/><property name="dalvik.vm.stack-trace-file" value="/data/anr/traces.txt"/><property name="ro.htc.checkin.exmsg.url_CN" value="http://fotamsg.htccomm.com.cn/android/extra/"/><property name="ro.com.google.clientidbase" value="android-htc-rev"/><property name="ro.bt.stack" value="Broadcom BTL-A"/><property name="net.tcp.buffersize.edge" value="4093,26280,704512,4096,16384,35040"/><property name="dev.bootreason" value=""/><property name="ro.serialno" value="HT226V200274"/><property name="ro.htc.checkin.crashurl_CN" value="http://andchin.htccomm.com.cn/android/crash"/><property name="net.wlan0.dns1" value="49.0.0.0"/><property name="net.wlan0.dns2" value=""/><property name="ril.notify.gprsregstatus" value="1"/><property name="init.svc.iprenew_wlan0" value="stopped"/><property name="ro.build.date" value="三  5月 23 19:02:10 CST 2012"/><property name="persist.sys.skin.builtin" value="true"/><property name="vold.post_fs_data_done" value="1"/><property name="wlan.driver.status" value="unloaded"/><property name="service.brcm.bt.btld_pid" value="0"/><property name="ro.product.cpu.abi2" value="armeabi"/><property name="drm.service.enabled" value="true"/><property name="init.svc.zygote" value="running"/><property name="init.svc.servicemanager" value="running"/><property name="service.policy.camera" value="1"/><property name="sys.shutdown.nowait" value="0"/><property name="ro.htc.checkin.exmsg.url" value="http://fotamsg.htc.com/android/extra/"/><property name="ro.build.user" value=""/><property name="ro.aa.maincid" value="HTC__001"/><property name="ro.aa.rid" value="157"/><property name="persist.radio.unlock.cmccsim" value="0"/><property name="persist.sys.skin.version" value="10500000"/><property name="gsm.sim.operator.iso-country" value="cz"/><property name="persist.radio.voice.int.roam" value="0"/><property name="ro.config.ringtone" value="QuietlyBrilliant.mp3"/><property name="gsm.allapns.created" value="1"/><property name="debug.qctwa.preservebuf" value="1"/><property name="ro.td_ofs" value="unknown"/><property name="ro.secure" value="1"/><property name="ro.cid" value="HTC__032"/><property name="ro.carrier" value="HTC-EastEurope"/><property name="ro.build.type" value="user"/><property name="init.svc.htcbatt" value="running"/><property name="init.svc.dx_drm_server" value="running"/><property name="net.gprs.mms.ru.number" value="1"/><property name="sys.perf.single" value="0"/><property name="ro.build.version.incremental" value="385730.1"/><property name="init.svc.adbd" value="running"/><property name="gsm.operator.alpha" value="O2 - CZ "/><property name="ro.config.msg_notification" value="Gamma.mp3"/><property name="net.dns2" value="194.228.211.33"/><property name="net.dns1" value="160.218.161.60"/><property name="init.svc.rmt_storage" value="running"/><property name="init.svc.ril-daemon" value="running"/><property name="persist.radio.agps.feature" value="-1"/><property name="dhcp.wlan0.ooxx" value="DISABLE"/><property name="net.tcp.buffersize.wimax" value="4096,221184,524288,4096,16384,110208"/><property name="ro.debuggable" value="0"/><property name="lpa.decode" value="true"/><property name="net.rmnet0.dns1" value="160.218.161.60"/><property name="persist.radio.pref.net.ByUser" value="4"/><property name="net.rmnet0.dns2" value="194.228.211.33"/><property name="ro.aa.mainsku" value="401"/><property name="init.svc.qb_offmode_alarm" value="stopped"/><property name="init.svc.debuggerd" value="running"/><property name="init.svc.3d_camera" value="restarting"/><property name="ro.3lm.legacy_encryption" value="1"/><property name="ro.chk_prd" value="unknown"/><property name="system_init.startsurfaceflinger" value="0"/><property name="ro.crypto.fs_options" value="nodelalloc"/><property name="persist.sys.language" value="cs"/><property name="persist.radio.cnap" value="0"/><property name="ro.factorytest" value="0"/><property name="ro.build.fingerprint" value="htc_europe/htc_shooteru/shooteru:4.0.3/IML74K/385730.1:user/release-keys"/><property name="init.svc.load-modem" value="stopped"/><property name="ro.build.product" value="shooteru"/><property name="net.dnschange" value="511"/><property name="media.a1026.nsForVoiceRec" value="0"/><property name="ro.setupwizard.mode" value="OPTIONAL"/><property name="init.svc.mpdecision" value="running"/><property name="ril.radio.status" value="Radio On"/><property name="gsm.cb.max.channel" value="5"/><property name="ro.ril.ecc.HTC-Dutch" value="112"/><property name="ro.ril.update.vivo.acoustic" value="1"/><property name="net.bt.name" value="Android"/><property name="postprocess.iso_midband" value="400"/><property name="init.svc.wpa_supplicant" value="stopped"/><property name="sys.shutdown.resume.timestamp" value="1382081478202"/><property name="ro.ril.enable.dtm" value="0"/><property name="ro.bootmode" value="normal"/><property name="ro.htc.checkin.url" value="http://andchin.htc.com/android/checkin"/><property name="ro.baseband" value="11.25.3504.06_M"/><property name="ro.runtime.firstboot" value="1380632715368"/><property name="ro.build.host" value="ABM013"/><property name="debug.sf.hw" value="1"/><property name="rilswitch.ganlibpath" value="/system/lib/libganril.so"/><property name="ro.build.display.id" value="IML74K"/><property name="dhcp.wlan0.server" value="10.0.0.138"/><property name="ro.aa.skulist" value="401"/><property name="ro.ril.vmail.23415" value="1571,BT"/><property name="ro.revision" value="1"/><property name="ril.booted" value="1"/><property name="init.svc.zchgd_onmode" value="stopped"/><property name="debug.fb.rgb565" value="0"/><property name="ro.product.ram" value="1GB"/><property name="persist.radio.tkc.timeout" value="15"/><property name="ro.ril.vmail.23410" value="443,giffgaff"/><property name="ro.product.processor" value="1.2 GHz dual core"/><property name="persist.radio.prefer.network" value="0"/><property name="wifi.interface" value="wlan0"/><property name="persist.sys.timezone" value="Europe/Prague"/><property name="gsm.timezone.isvalid" value="true"/><property name="gsm.operator.numeric" value="23002"/><property name="ro.telephony.default_network" value="0"/><property name="init.svc.charging" value="stopped"/><property name="init.svc.zchgd_offmode" value="stopped"/><property name="persist.radio.register.network" value="2"/><property name="init.svc.dbus" value="running"/><property name="dhcp.wlan0.gateway2" value="10.0.0.138"/><property name="ro.crypto.state" value="unencrypted"/><property name="ro.htc.checkin.crashurl" value="http://andchin.htc.com/android/crash"/><property name="ro.crypto.fs_type" value="ext4"/><property name="persist.service.adb.enable" value=""/><property name="persist.sys.shutdown.mode" value="hibernate"/><property name="ril.gsm.ecclist" value="112,911"/><property name="net.tcp.buffersize.hsdpa" value="4094,87380,704512,4096,16384,110208"/><property name="ro.bt.profiles" value="4270339"/><property name="persist.sys.localevar" value=""/><property name="gsm.nitz.time" value="1382181118042"/><property name="gsm.sim.operator.numeric" value="23002"/><property name="wifi.supplicant_scan_interval" value="15"/><property name="ro.config.notification_sound" value="Zeta.mp3"/><property name="ro.build.date.utc" value="1337770930"/><property name="ro.bt.chipset" value="Broadcom BCM4329-B1"/><property name="ro.board.platform" value="msm8660"/><property name="init.svc.ipd" value="running"/><property name="net.rmnet0.gw" value="10.130.221.229"/><property name="ro.product.main_camera" value="5M * 2"/><property name="sys.shutdown.mode" value="normal"/><property name="ro.product.locale.language" value="hdpi"/><property name="ro.ril.ecc.HTC-ITA" value="112,911"/><property name="gsm.usim.email.max-no" value="0"/><property name="ro.aa.taskid" value="262714"/><property name="ro.ril.enable.a52.HTC-ITA" value="1"/><property name="ro.product.version" value="3.28.401.1"/><property name="ro.ril.ecc.HTC-WWE" value="999"/><property name="init.svc.keystore" value="running"/><property name="gsm.defaultpdpcontext.active" value="true"/><property name="ro.htc.appupdate.url" value="http://apu-chin.htc.com/check-in/rws/and-app/update"/><property name="ro.vendor.extension_library" value="/system/lib/libqc-opt.so"/><property name="ro.build.sense.version" value="3.5"/><property name="persist.sys.ui.hw" value="true"/><property name="init.svc.netd" value="running"/><property name="ro.build.characteristics" value="default"/><property name="dalvik.vm.dexopt-flags" value="m=y"/><property name="ril.current.ip.address" value="10.130.221.230"/><property name="init.svc.qmuxd" value="running"/><property name="ro.ril.enable.prl.recognition" value="1"/><property name="ro.ril.nv.compare.result" value="136"/><property name="net.tcp.buffersize.lte" value="4096,221184,3461120,4096,221184,3461120"/><property name="ro.product.front_camera" value="1.3M"/><property name="net.tcp.buffersize.default" value="4096,87380,110208,4096,16384,110208"/><property name="net.tcp.buffersize.umts" value="4094,87380,704512,4096,16384,110208"/><property name="sys.usb.state" value="mass_storage,adb"/><property name="rilswitch.vendorlibpath" value="/system/lib/libhtc_ril.so"/><property name="net.rmnet0.proxy" value=""/><property name="ro.config.alarm_alert" value="NewDay.mp3"/><property name="ro.crypto.fs_mnt_point" value="/data"/><property name="init.svc.bootcomplete" value="stopped"/><property name="gsm.version.ril-impl" value="HTC-RIL 2.3.0044HMWQ (May 23 2012,19:02:58)"/><property name="ro.product.board" value="shooteru"/><property name="ro.build.description" value="3.28.401.1 CL385730 release-keys"/><property name="init.svc.media" value="running"/><property name="net.rmnet1.gw" value=""/><property name="ril.reload.count" value="1"/><property name="persist.radio.voice.dom.roam" value="1"/><property name="ro.emmc" value="1"/><property name="ro.qwerty_color" value="GenericColor"/><property name="ro.phone.min_match.HTC__Y13" value="7"/><property name="dalvik.vm.heapgrowthlimit" value="48m"/><property name="ro.aa.project" value="SHOOTER_U_ICS_35_S"/><property name="sys.media.vdec.sw" value="0"/><property name="ro.td" value="unknown"/><property name="ro.pagesize" value="2048"/><property name="htc.audio.hac.enable" value="0"/><property name="sys.shutdown.resume.date" value="Fri Oct 18 09:31:18 CEST 2013"/><property name="init.svc.surfaceflinger" value="running"/><property name="dhcp.wlan0.ipaddress" value="10.0.0.2"/><property name="ril.addroute.notresponse" value="0"/><property name="init.svc.dhcpcd_wlan0" value="stopped"/><property name="persist.sys.country" value="CZ"/><property name="ro.crypto.fs_real_blkdev" value="/dev/block/mmcblk0p23"/><property name="net.tcp.buffersize.gprs" value="4092,8760,704512,4096,8760,11680"/><property name="ro.ril.fast.dormancy.rule" value="1"/><property name="ro.ril.gprsclass" value="12"/><property name="gsm.sim.cbmi.channel" value=""/><property name="ro.com.google.gmsversion" value="4.0_r2"/><property name="ro.build.version.release" value="4.0.3"/><property name="ro.htc.common.version" value="2.0.0.0"/><property name="ro.ril.enable.amr.wideband" value="0"/><property name="ro.htc.checkin.url_CN" value="http://andchin.htccomm.com.cn/android/checkin"/><property name="ro.ril.enable.a53" value="1"/><property name="ro.ril.enable.a52" value="0"/><property name="ro.product.wifi" value="802.11 b/g/n"/><property name="ro.config.cal_notification" value="Epsilon.mp3"/><property name="postprocess.denoise_level" value="5"/><property name="ro.sf" value="unknown"/><property name="lpa.use-stagefright" value="true"/><property name="ro.3lm.production" value="1"/><property name="ro.aa.modelid" value="PG8630000"/><property name="net.gprs.data.connected" value="1"/><property name="gsm.current.phone-type" value="1"/><property name="ro.opengles.version" value="131072"/><property name="dhcp.wlan0.reason" value="BOUND"/><property name="service.brcm.fm.rssi" value="107"/><property name="dhcp.wlan0.mask" value="255.255.255.0"/><property name="persist.radio.scan.network_type" value="1"/><property name="init.svc.installd" value="running"/><property name="dhcp.wlan0.leasetime" value="86400"/><property name="sf.debug.enable3D" value="1"/><property name="ro.aa.customizationid" value="381782"/><property name="service.brcm.bt.btld" value="0"/><property name="dhcp.wlan0.gateway" value="10.0.0.138"/><property name="ro.wifi.channels" value=""/><property name="ro.devicerev" value=""/><property name="init.svc.qcom-post-boot" value="stopped"/><property name="persist.sys.strictmode.visual" value=""/><property name="ro.ril.ecc.HTC-EastEurope" value="911"/><property name="gsm.network.type" value="HSDPA"/><property name="net.qtaguid_enabled" value="1"/><property name="ro.ril.def.agps.mode" value="2"/><property name="ro.phone.min_match.HTC__016" value="7"/><property name="ro.bc_tmo" value="unknown"/><property name="init.svc.hdmid" value="running"/><property name="gsm.usim.number.length" value="40"/><property name="service.brcm.bt.is_sta" value="0"/><property name="ro.gsm.2nd_data_retry_config" value="max_retries=3, 2000, 2000, 2000"/></properties><testcase classname="cz.czechhackathon.test.HelloAndroidActivityTest" name="testActivity" time="1,1750"/></testsuite></testsuites>